[2021-06-08 05:54:05] new.INFO: ЧеловекAlexдобавил статью108 [] []
[2021-06-08 05:59:34] new.INFO: ЧеловекAlexдобавил статью109 [] []
[2021-06-08 06:28:31] new.INFO: ЧеловекAlexдобавил статью110 [] []
[2021-06-08 06:32:11] new.INFO:  Человек Alex добавил статью 111 [] []
[2021-06-08 06:41:56] new.INFO:  Человек Alex добавил статью 112 [] []
[2021-06-08 06:41:56] new.INFO:  Статья Кредо принадлежит почте blabla@mail.com [] []
[2021-06-08 06:44:49] new.INFO:  Человек Alex добавил статью 113 [] []
[2021-06-08 06:44:49] new.INFO:  Статья "Ассасин" принадлежит почте blabla@mail.com [] []
[2021-06-10 20:15:31] new.INFO:  Человек Alex добавил статью 114 [] []
[2021-06-10 20:15:31] new.INFO:  Статья "Завершилось производство сериала "Книга Бобы Фетта"" принадлежит почте blabla@mail.com [] []
[2021-06-10 20:31:03] new.INFO:  Человек Alex добавил статью 115 [] []
[2021-06-10 20:31:03] new.INFO:  Статья "Сериалы 2021. Новинки июня" принадлежит почте blabla@mail.com [] []
[2021-06-10 20:34:35] new.INFO:  Человек Alex добавил статью 116 [] []
[2021-06-10 20:34:35] new.INFO:  Статья "Сериалы 2021. Новинки июня" принадлежит почте blabla@mail.com [] []
[2021-06-10 20:40:41] new.INFO:  Человек Alex добавил статью 117 [] []
[2021-06-10 20:40:41] new.INFO:  Статья "Мой первый пост" принадлежит почте blabla@mail.com [] []
[2021-06-10 20:43:49] new.INFO:  Человек Alex добавил статью 118 [] []
[2021-06-10 20:43:49] new.INFO:  Статья "смисмисисмисисми" принадлежит почте blabla@mail.com [] []
[2021-06-10 20:56:22] new.INFO:  Человек Alex добавил статью 119 [] []
[2021-06-10 20:56:22] new.INFO:  Статья "чмчсмчмчсм" принадлежит почте blabla@mail.com [] []
[2021-06-10 20:58:17] new.INFO:  Человек Alex добавил статью 120 [] []
[2021-06-10 20:58:17] new.INFO:  Статья "Лиам Нисон прокомментировал слухи о его участии в "Оби-Ване Кеноби"" принадлежит почте blabla@mail.com [] []
[2021-06-18 15:50:08] new.INFO:  Человек Alex добавил статью 121 [] []
[2021-06-18 15:50:08] new.INFO:  Статья "Пандемия COVID-19" принадлежит почте blabla@mail.com [] []
[2021-09-11 15:24:58] new.INFO:  Человек Alex добавил статью 122 [] []
[2021-09-11 15:24:58] new.INFO:  Статья "Audi Q7" принадлежит почте blabla@mail.com [] []
[2021-09-11 15:27:29] new.INFO:  Человек Alex добавил статью 123 [] []
[2021-09-11 15:27:30] new.INFO:  Статья "BMW X5" принадлежит почте blabla@mail.com [] []
[2021-09-11 15:32:41] new.INFO:  Человек Alex добавил статью 124 [] []
[2021-09-11 15:32:42] new.INFO:  Статья "Kia sportage" принадлежит почте blabla@mail.com [] []
[2021-09-11 15:36:23] new.INFO:  Человек Alex добавил статью 125 [] []
[2021-09-11 15:36:23] new.INFO:  Статья "Tesla Model X" принадлежит почте blabla@mail.com [] []
[2021-09-21 14:05:39] new.INFO:  Человек Alex добавил статью 126 [] []
[2021-09-21 14:05:39] new.INFO:  Статья "Природа" принадлежит почте blabla@mail.com [] []
[2021-09-22 14:44:30] new.INFO:  Человек Alex добавил статью 127 [] []
[2021-09-22 14:44:30] new.INFO:  Статья "Мой первый пост" принадлежит почте blabla@mail.com [] []
